[2021-01-05T18:44:10.204] [INFO] default - [p 3808] Listening at port 300
[2021-01-05T18:44:44.964] [INFO] default - [p 14160] Listening at port 3000
[2021-01-05T18:53:30.591] [INFO] default - [p 7368] Listening at port 3000
[2021-01-05T21:48:12.154] [INFO] default - [p 10812] Listening at port 3000
[2021-01-05T21:50:02.728] [INFO] default - [p 13360] Listening at port 3000
[2021-01-05T21:50:20.280] [INFO] default - [p 20100] Listening at port 3000
[2021-01-05T22:31:07.927] [INFO] default - [p 12520] Listening at port 3000
[2021-01-05T22:33:08.293] [INFO] default - [p 12224] Listening at port 3000
[2021-01-05T22:33:12.849] [INFO] default - [p 15912] Listening at port 3000
[2021-01-05T22:33:29.563] [INFO] default - [p 17128] Listening at port 3000
[2021-01-05T22:46:32.504] [INFO] default - [p 18112] Listening at port 3000
[2021-01-05T22:46:57.110] [INFO] default - [p 11996] Listening at port 3000
[2021-01-05T22:47:42.970] [INFO] default - [p 7996] Listening at port 3000
[2021-01-05T22:54:08.764] [INFO] default - [p 13488] Listening at port 3000
[2021-01-05T22:54:38.889] [INFO] default - [p 16536] Listening at port 3000
[2021-01-05T22:57:07.071] [INFO] default - [p 8276] Listening at port 3000
[2021-01-05T22:57:32.720] [INFO] default - [p 4036] Listening at port 3000
[2021-01-05T22:57:47.909] [INFO] default - [p 10156] Listening at port 3000
[2021-01-05T22:58:15.101] [INFO] default - [p 21140] Listening at port 3000
[2021-01-05T23:00:17.880] [INFO] default - [p 18504] Listening at port 3000
[2021-01-05T23:02:05.169] [INFO] default - [p 18276] Listening at port 3000
[2021-01-05T23:03:13.546] [INFO] default - [p 16796] Listening at port 3000
[2021-01-05T23:03:40.931] [INFO] default - [p 12252] Listening at port 3000
[2021-01-05T23:04:17.766] [INFO] default - [p 16480] Listening at port 3000
[2021-01-05T23:08:49.814] [INFO] default - [p 7740] Listening at port 3000
[2021-01-05T23:13:02.196] [INFO] default - [p 7520] Listening at port 3000
[2021-01-05T23:13:30.606] [INFO] default - [p 20344] Listening at port 3000
[2021-01-05T23:15:32.359] [INFO] default - [p 2624] Listening at port 3000
[2021-01-05T23:21:09.526] [INFO] default - [p 15304] Listening at port 3000
[2021-01-05T23:21:25.453] [INFO] default - [p 17416] Listening at port 3000
[2021-01-05T23:21:44.123] [INFO] default - [p 14964] Listening at port 3000
[2021-01-06T19:54:00.972] [INFO] default - [p 22272] Listening at port 3000
[2021-01-06T19:55:03.910] [INFO] default - [p 9492] Listening at port 3000
[2021-01-06T19:55:33.129] [INFO] default - [p 9852] Listening at port 3000
[2021-01-06T19:58:57.047] [INFO] default - [p 22060] Listening at port 3000
[2021-01-06T20:00:59.281] [INFO] default - [p 21572] Listening at port 3000
[2021-01-06T20:24:53.897] [INFO] default - [p 19412] Listening at port 3000
[2021-01-06T20:30:53.963] [INFO] default - [p 17124] Listening at port 3000
[2021-01-06T20:32:20.773] [INFO] default - [p 5928] Listening at port 3000
[2021-01-06T20:32:44.094] [INFO] default - [p 1296] Listening at port 3000
[2021-01-06T20:33:35.660] [INFO] default - [p 12968] Listening at port 3000
[2021-01-06T20:37:29.647] [INFO] default - [p 18356] Listening at port 3000
[2021-01-06T20:49:53.755] [INFO] default - [p 11944] Listening at port 3000
[2021-01-06T20:50:11.341] [INFO] default - [p 20548] Listening at port 3000
[2021-01-06T21:03:55.686] [INFO] default - [p 3000] Listening at port 3000
[2021-01-06T21:04:11.178] [INFO] default - [p 10628] Listening at port 3000
[2021-01-06T21:06:28.115] [INFO] default - [p 20876] Listening at port 3000
[2021-01-06T21:13:13.569] [INFO] default - [p 10492] Listening at port 3000
[2021-01-06T21:19:49.600] [INFO] default - [p 22140] Listening at port 3000
[2021-01-06T21:25:01.959] [INFO] default - [p 20624] Listening at port 3000
[2021-01-06T21:26:04.013] [INFO] default - [p 18524] Listening at port 3000
[2021-01-06T21:29:40.456] [INFO] default - [p 18696] Listening at port 3000
[2021-01-06T21:31:40.950] [INFO] default - [p 23056] Listening at port 3000
[2021-01-06T21:41:57.427] [INFO] default - [p 12044] Listening at port 3000
[2021-01-06T21:44:08.923] [INFO] default - [p 17220] Listening at port 3000
[2021-01-06T21:45:48.677] [INFO] default - [p 21728] Listening at port 3000
[2021-01-06T21:46:38.518] [INFO] default - [p 1644] Listening at port 3000
[2021-01-06T21:48:13.500] [INFO] default - [p 14744] Listening at port 3000
[2021-01-06T21:48:40.170] [INFO] default - [p 8292] Listening at port 3000
[2021-01-06T21:51:04.879] [INFO] default - [p 10980] Listening at port 3000
[2021-01-06T21:53:36.574] [INFO] default - [p 17544] Listening at port 3000
[2021-01-06T22:29:38.768] [INFO] default - [p 15792] Listening at port 3000
[2021-01-06T22:29:52.005] [INFO] default - User pediu param: 123
[2021-01-06T22:30:13.436] [INFO] default - [p 5600] Listening at port 3000
[2021-01-06T22:30:16.900] [INFO] default - User pediu param: 123 foo
[2021-01-06T22:37:02.734] [INFO] default - [p 17032] Listening at port 3000
[2021-01-06T22:48:27.927] [INFO] default - [p 15388] Listening at port 3000
[2021-01-06T22:53:07.424] [INFO] default - [p 18504] Listening at port 3000
[2021-01-06T22:56:49.932] [INFO] default - [p 3180] Listening at port 3000
[2021-01-06T22:57:00.241] [INFO] default - User pediu param: 123 foo
[2021-01-06T22:57:21.411] [INFO] default - [p 18648] Listening at port 3000
[2021-01-06T22:57:38.417] [INFO] default - [p 16036] Listening at port 3000
[2021-01-06T22:58:15.410] [INFO] default - [p 18268] Listening at port 3000
[2021-01-06T22:58:31.664] [INFO] default - [p 5924] Listening at port 3000
[2021-01-06T22:59:43.566] [INFO] default - [p 10520] Listening at port 3000
[2021-01-06T23:00:16.381] [INFO] default - [p 20412] Listening at port 3000
[2021-01-06T23:01:36.711] [INFO] default - [p 17636] Listening at port 3000
[2021-01-06T23:02:32.773] [INFO] default - [p 22812] Listening at port 3000
[2021-01-06T23:03:04.648] [INFO] default - [p 12532] Listening at port 3000
[2021-01-06T23:03:24.818] [INFO] default - [p 5972] Listening at port 3000
[2021-01-06T23:05:56.704] [INFO] default - [p 15960] Listening at port 3000
[2021-01-06T23:06:20.860] [INFO] default - [p 10836] Listening at port 3000
[2021-01-06T23:06:25.075] [INFO] default - User pediu param: 123 foo
[2021-01-06T23:06:25.742] [INFO] default - User pediu param: 123 foo
[2021-01-06T23:06:26.220] [INFO] default - User pediu param: 123 foo
[2021-01-06T23:06:26.560] [INFO] default - User pediu param: 123 foo
[2021-01-06T23:06:52.597] [INFO] default - [p 22948] Listening at port 3000
[2021-01-06T23:07:55.172] [INFO] default - [p 16944] Listening at port 3000
[2021-01-06T23:09:44.661] [INFO] default - [p 21112] Listening at port 3000
[2021-01-06T23:13:59.175] [INFO] default - [p 6724] Listening at port 3000
[2021-01-06T23:15:20.442] [INFO] default - [p 17952] Listening at port 3000
[2021-01-06T23:15:38.720] [INFO] default - [p 20516] Listening at port 3000
[2021-01-06T23:15:40.878] [INFO] default - User pediu param: 123 foo
[2021-01-06T23:15:42.276] [INFO] default - User pediu param: 123 foo
[2021-01-06T23:15:46.449] [INFO] default - vou pedir Pro Repository method: {getAll}
[2021-01-06T23:15:46.450] [INFO] default - Pediu do Repository GetAll
